Copyright 1986-2020 Xilinx, Inc. All Rights Reserved.
--------------------------------------------------------------------------------------------------------------------------------------------------------------------------------------
| Tool Version : Vivado v.2020.2 (lin64) Build 3064766 Wed Nov 18 09:12:47 MST 2020
| Date         : Sun Apr 18 19:24:44 2021
| Host         : pdp3050 running 64-bit Ubuntu 18.04.5 LTS
| Command      : report_methodology -file design_2_wrapper_methodology_drc_routed.rpt -pb design_2_wrapper_methodology_drc_routed.pb -rpx design_2_wrapper_methodology_drc_routed.rpx
| Design       : design_2_wrapper
| Device       : xc7z020clg400-1
| Speed File   : -1
| Design State : Fully Routed
--------------------------------------------------------------------------------------------------------------------------------------------------------------------------------------

Report Methodology

Table of Contents
-----------------
1. REPORT SUMMARY
2. REPORT DETAILS

1. REPORT SUMMARY
-----------------
            Netlist: netlist
          Floorplan: design_1
      Design limits: <entire design considered>
             Max violations: <unlimited>
             Violations found: 3
+-----------+----------+-------------------------------+------------+
| Rule      | Severity | Description                   | Violations |
+-----------+----------+-------------------------------+------------+
| LUTAR-1   | Warning  | LUT drives async reset alert  | 1          |
| TIMING-18 | Warning  | Missing input or output delay | 2          |
+-----------+----------+-------------------------------+------------+

2. REPORT DETAILS
-----------------
LUTAR-1#1 Warning
LUT drives async reset alert  
LUT cell design_2_i/cpu_0/U0/mlite_cpu_inst/u8_mult/pc_reg[31]_i_2, with 2 or more inputs, drives asynchronous preset/clear pin(s) design_2_i/cpu_0/U0/mlite_cpu_inst/u1_pc_next/pc_reg_reg[10]/CLR,
design_2_i/cpu_0/U0/mlite_cpu_inst/u1_pc_next/pc_reg_reg[11]/CLR,
design_2_i/cpu_0/U0/mlite_cpu_inst/u1_pc_next/pc_reg_reg[12]/CLR,
design_2_i/cpu_0/U0/mlite_cpu_inst/u1_pc_next/pc_reg_reg[13]/CLR,
design_2_i/cpu_0/U0/mlite_cpu_inst/u1_pc_next/pc_reg_reg[14]/CLR,
design_2_i/cpu_0/U0/mlite_cpu_inst/u1_pc_next/pc_reg_reg[15]/CLR,
design_2_i/cpu_0/U0/mlite_cpu_inst/u1_pc_next/pc_reg_reg[16]/CLR,
design_2_i/cpu_0/U0/mlite_cpu_inst/u1_pc_next/pc_reg_reg[17]/CLR,
design_2_i/cpu_0/U0/mlite_cpu_inst/u1_pc_next/pc_reg_reg[18]/CLR,
design_2_i/cpu_0/U0/mlite_cpu_inst/u1_pc_next/pc_reg_reg[19]/CLR,
design_2_i/cpu_0/U0/mlite_cpu_inst/u1_pc_next/pc_reg_reg[20]/CLR,
design_2_i/cpu_0/U0/mlite_cpu_inst/u1_pc_next/pc_reg_reg[21]/CLR,
design_2_i/cpu_0/U0/mlite_cpu_inst/u1_pc_next/pc_reg_reg[22]/CLR,
design_2_i/cpu_0/U0/mlite_cpu_inst/u1_pc_next/pc_reg_reg[23]/CLR,
design_2_i/cpu_0/U0/mlite_cpu_inst/u1_pc_next/pc_reg_reg[24]/CLR
 (the first 15 of 381 listed). The LUT may glitch and trigger an unexpected reset, even if it is a properly timed path.
Related violations: <none>

TIMING-18#1 Warning
Missing input or output delay  
An output delay is missing on clk_debug_0 relative to clock(s) clk_fpga_0
Related violations: <none>

TIMING-18#2 Warning
Missing input or output delay  
An output delay is missing on gpio_io_o_0[0] relative to clock(s) clk_fpga_0
Related violations: <none>


