Copyright 1986-2020 Xilinx, Inc. All Rights Reserved.
------------------------------------------------------------------------------------
| Tool Version : Vivado v.2020.2 (lin64) Build 3064766 Wed Nov 18 09:12:47 MST 2020
| Date         : Sun Apr 18 18:49:25 2021
| Host         : pdp3050 running 64-bit Ubuntu 18.04.5 LTS
| Command      : upgrade_ip
| Device       : xc7z020clg400-1
------------------------------------------------------------------------------------

Upgrade Log for IP 'design_2_xadc_wiz_0_0'

1. Summary
----------

SUCCESS in the upgrade of design_2_xadc_wiz_0_0 (xilinx.com:ip:xadc_wiz:3.3) from (Rev. 7) to (Rev. 8)






Copyright 1986-2020 Xilinx, Inc. All Rights Reserved.
------------------------------------------------------------------------------------
| Tool Version : Vivado v.2020.2 (lin64) Build 3064766 Wed Nov 18 09:12:47 MST 2020
| Date         : Sun Apr 18 18:49:25 2021
| Host         : pdp3050 running 64-bit Ubuntu 18.04.5 LTS
| Command      : upgrade_ip
| Device       : xc7z020clg400-1
------------------------------------------------------------------------------------

Upgrade Log for IP 'design_2_axi_smc_0'

1. Summary
----------

SUCCESS in the upgrade of design_2_axi_smc_0 (xilinx.com:ip:smartconnect:1.0) from (Rev. 12) to (Rev. 14)

After upgrade, an IP may have parameter and port differences compared to the original customization. Please review the parameters within the IP customization GUI to ensure proper functionality. Also, please review the updated IP instantiation template to ensure proper connectivity, and update your design if required.

2. Connection and Interface Information
---------------------------------------

Connection and Interface information can not be compared for deferred elaboration IPs.
design_2_axi_smc_0 may have connection or interface changes.







Copyright 1986-2020 Xilinx, Inc. All Rights Reserved.
------------------------------------------------------------------------------------
| Tool Version : Vivado v.2020.2 (lin64) Build 3064766 Wed Nov 18 09:12:47 MST 2020
| Date         : Sun Apr 18 18:49:25 2021
| Host         : pdp3050 running 64-bit Ubuntu 18.04.5 LTS
| Command      : upgrade_ip
| Device       : xc7z020clg400-1
------------------------------------------------------------------------------------

Upgrade Log for IP 'design_2_axi_interconnect_0_0'

1. Summary
----------

SUCCESS in the upgrade of design_2_axi_interconnect_0_0 (xilinx.com:ip:axi_interconnect:2.1) from (Rev. 21) to (Rev. 23)






Copyright 1986-2020 Xilinx, Inc. All Rights Reserved.
------------------------------------------------------------------------------------
| Tool Version : Vivado v.2020.2 (lin64) Build 3064766 Wed Nov 18 09:12:47 MST 2020
| Date         : Sun Apr 18 18:49:24 2021
| Host         : pdp3050 running 64-bit Ubuntu 18.04.5 LTS
| Command      : upgrade_ip
| Device       : xc7z020clg400-1
------------------------------------------------------------------------------------

Upgrade Log for IP 'design_2_axi_gpio_0_0'

1. Summary
----------

SUCCESS in the upgrade of design_2_axi_gpio_0_0 (xilinx.com:ip:axi_gpio:2.0) from (Rev. 22) to (Rev. 24)






Copyright 1986-2020 Xilinx, Inc. All Rights Reserved.
------------------------------------------------------------------------------------
| Tool Version : Vivado v.2020.2 (lin64) Build 3064766 Wed Nov 18 09:12:47 MST 2020
| Date         : Sun Apr 18 18:49:24 2021
| Host         : pdp3050 running 64-bit Ubuntu 18.04.5 LTS
| Command      : upgrade_ip
| Device       : xc7z020clg400-1
------------------------------------------------------------------------------------

Upgrade Log for IP 'design_2_axi_bram_ctrl_0_0'

1. Summary
----------

SUCCESS in the upgrade of design_2_axi_bram_ctrl_0_0 (xilinx.com:ip:axi_bram_ctrl:4.1) from (Rev. 2) to (Rev. 4)

2. Upgrade messages
-------------------

WARNING: upgrade cannot remove parameter C_SELECT_XPM : there is no parameter called C_SELECT_XPM in axi_bram_ctrl_v4_1






Copyright 1986-2019 Xilinx, Inc. All Rights Reserved.
--------------------------------------------------------------------------------------
| Tool Version : Vivado v.2019.2.1 (lin64) Build 2729669 Thu Dec  5 04:48:12 MST 2019
| Date         : Tue Apr 21 22:21:50 2020
| Host         : pdp3050 running 64-bit Ubuntu 18.04.4 LTS
| Command      : upgrade_ip
| Device       : xc7z020clg400-1
--------------------------------------------------------------------------------------

Upgrade Log for IP 'design_2_xadc_wiz_0_0'

1. Summary
----------

SUCCESS in the upgrade of design_2_xadc_wiz_0_0 (xilinx.com:ip:xadc_wiz:3.3) from (Rev. 6) to (Rev. 7)






Copyright 1986-2019 Xilinx, Inc. All Rights Reserved.
--------------------------------------------------------------------------------------
| Tool Version : Vivado v.2019.2.1 (lin64) Build 2729669 Thu Dec  5 04:48:12 MST 2019
| Date         : Tue Apr 21 22:21:50 2020
| Host         : pdp3050 running 64-bit Ubuntu 18.04.4 LTS
| Command      : upgrade_ip
| Device       : xc7z020clg400-1
--------------------------------------------------------------------------------------

Upgrade Log for IP 'design_2_axi_smc_0'

1. Summary
----------

SUCCESS in the upgrade of design_2_axi_smc_0 (xilinx.com:ip:smartconnect:1.0) from (Rev. 10) to (Rev. 12)

After upgrade, an IP may have parameter and port differences compared to the original customization. Please review the parameters within the IP customization GUI to ensure proper functionality. Also, please review the updated IP instantiation template to ensure proper connectivity, and update your design if required.

2. Interface Information
------------------------

Detected external interface differences while upgrading 'design_2_axi_smc_0'.



3. Connection Warnings
----------------------

Detected external port differences while upgrading 'design_2_axi_smc_0'. These changes may impact your design.








Copyright 1986-2019 Xilinx, Inc. All Rights Reserved.
--------------------------------------------------------------------------------------
| Tool Version : Vivado v.2019.2.1 (lin64) Build 2729669 Thu Dec  5 04:48:12 MST 2019
| Date         : Tue Apr 21 22:21:50 2020
| Host         : pdp3050 running 64-bit Ubuntu 18.04.4 LTS
| Command      : upgrade_ip
| Device       : xc7z020clg400-1
--------------------------------------------------------------------------------------

Upgrade Log for IP 'design_2_axi_interconnect_0_0'

1. Summary
----------

SUCCESS in the upgrade of design_2_axi_interconnect_0_0 (xilinx.com:ip:axi_interconnect:2.1) from (Rev. 19) to (Rev. 21)






Copyright 1986-2019 Xilinx, Inc. All Rights Reserved.
--------------------------------------------------------------------------------------
| Tool Version : Vivado v.2019.2.1 (lin64) Build 2729669 Thu Dec  5 04:48:12 MST 2019
| Date         : Tue Apr 21 22:21:50 2020
| Host         : pdp3050 running 64-bit Ubuntu 18.04.4 LTS
| Command      : upgrade_ip
| Device       : xc7z020clg400-1
--------------------------------------------------------------------------------------

Upgrade Log for IP 'design_2_axi_gpio_0_0'

1. Summary
----------

SUCCESS in the upgrade of design_2_axi_gpio_0_0 (xilinx.com:ip:axi_gpio:2.0) from (Rev. 20) to (Rev. 22)






Copyright 1986-2019 Xilinx, Inc. All Rights Reserved.
--------------------------------------------------------------------------------------
| Tool Version : Vivado v.2019.2.1 (lin64) Build 2729669 Thu Dec  5 04:48:12 MST 2019
| Date         : Tue Apr 21 22:21:50 2020
| Host         : pdp3050 running 64-bit Ubuntu 18.04.4 LTS
| Command      : upgrade_ip
| Device       : xc7z020clg400-1
--------------------------------------------------------------------------------------

Upgrade Log for IP 'design_2_axi_bram_ctrl_0_0'

1. Summary
----------

SUCCESS in the upgrade of design_2_axi_bram_ctrl_0_0 (xilinx.com:ip:axi_bram_ctrl:4.1) to (Rev. 2)

2. Upgrade messages
-------------------

Removed parameter C_SELECT_XPM

